<?xml version="1.0" encoding="UTF-8"?>
<testsuite name="com.ll.MyHashMapTest" tests="1" skipped="0" failures="0" errors="0" timestamp="2023-04-20T05:43:22" hostname="Ujinui-MacBookPro.local" time="0.009">
  <properties/>
  <testcase name="testContainsValue()" classname="com.ll.MyHashMapTest" time="0.009"/>
  <system-out><![CDATA[]]></system-out>
  <system-err><![CDATA[]]></system-err>
</testsuite>
