<?xml version="1.0" encoding="UTF-8"?>
<testsuite name="com.ll.MyHashMapTest" tests="3" skipped="0" failures="0" errors="0" timestamp="2023-04-20T05:14:51" hostname="Ujinui-MacBookPro.local" time="0.01">
  <properties/>
  <testcase name="testPut()" classname="com.ll.MyHashMapTest" time="0.008"/>
  <testcase name="testSize()" classname="com.ll.MyHashMapTest" time="0.0"/>
  <testcase name="testPutReplace()" classname="com.ll.MyHashMapTest" time="0.001"/>
  <system-out><![CDATA[]]></system-out>
  <system-err><![CDATA[]]></system-err>
</testsuite>
